[    43.660] (--) Log file renamed from "/home/jatomixo/.local/share/xorg/Xorg.pid-703.log" to "/home/jatomixo/.local/share/xorg/Xorg.0.log"
[    43.662] 
X.Org X Server 1.21.1.8
X Protocol Version 11, Revision 0
[    43.662] Current Operating System: Linux arch-kde 6.4.10-arch1-1 #1 SMP PREEMPT_DYNAMIC Fri, 11 Aug 2023 11:03:36 +0000 x86_64
[    43.662] Kernel command line: BOOT_IMAGE=/vmlinuz-linux root=UUID=a248c049-6258-4441-a6bb-4a4cf579d710 rw loglevel=3 quiet
[    43.662]  
[    43.662] Current version of pixman: 0.42.2
[    43.662] 	Before reporting problems, check http://wiki.x.org
	to make sure that you have the latest version.
[    43.662] Markers: (--) probed, (**) from config file, (==) default setting,
	(++) from command line, (!!) notice, (II) informational,
	(WW) warning, (EE) error, (NI) not implemented, (??) unknown.
[    43.663] (==) Log file: "/home/jatomixo/.local/share/xorg/Xorg.0.log", Time: Thu Aug 17 14:15:23 2023
[    43.665] (==) Using system config directory "/usr/share/X11/xorg.conf.d"
[    43.666] (==) No Layout section.  Using the first Screen section.
[    43.666] (==) No screen section available. Using defaults.
[    43.666] (**) |-->Screen "Default Screen Section" (0)
[    43.666] (**) |   |-->Monitor "<default monitor>"
[    43.667] (==) No monitor specified for screen "Default Screen Section".
	Using a default monitor configuration.
[    43.667] (==) Automatically adding devices
[    43.667] (==) Automatically enabling devices
[    43.667] (==) Automatically adding GPU devices
[    43.667] (==) Automatically binding GPU devices
[    43.667] (==) Max clients allowed: 256, resource mask: 0x1fffff
[    43.667] (WW) The directory "/usr/share/fonts/misc" does not exist.
[    43.667] 	Entry deleted from font path.
[    43.667] (WW) The directory "/usr/share/fonts/OTF" does not exist.
[    43.667] 	Entry deleted from font path.
[    43.667] (WW) The directory "/usr/share/fonts/Type1" does not exist.
[    43.667] 	Entry deleted from font path.
[    43.667] (==) FontPath set to:
	/usr/share/fonts/TTF,
	/usr/share/fonts/100dpi,
	/usr/share/fonts/75dpi
[    43.667] (==) ModulePath set to "/usr/lib/xorg/modules"
[    43.667] (II) The server relies on udev to provide the list of input devices.
	If no devices become available, reconfigure udev or disable AutoAddDevices.
[    43.667] (II) Module ABI versions:
[    43.667] 	X.Org ANSI C Emulation: 0.4
[    43.667] 	X.Org Video Driver: 25.2
[    43.667] 	X.Org XInput driver : 24.4
[    43.667] 	X.Org Server Extension : 10.0
[    43.672] (++) using VT number 2

[    43.677] (II) systemd-logind: took control of session /org/freedesktop/login1/session/_33
[    43.679] (II) xfree86: Adding drm device (/dev/dri/card0)
[    43.679] (II) Platform probe for /sys/devices/pci0000:00/0000:00:02.0/drm/card0
[    43.681] (II) systemd-logind: got fd for /dev/dri/card0 226:0 fd 14 paused 0
[    43.685] (--) PCI:*(0@0:2:0) 15ad:0405:15ad:0405 rev 0, Mem @ 0xf0000000/16777216, 0xf1000000/2097152, I/O @ 0x0000d010/16, BIOS @ 0x????????/131072
[    43.685] (WW) Open ACPI failed (/var/run/acpid.socket) (No such file or directory)
[    43.685] (II) LoadModule: "glx"
[    43.691] (II) Loading /usr/lib/xorg/modules/extensions/libglx.so
[    43.697] (II) Module glx: vendor="X.Org Foundation"
[    43.697] 	compiled for 1.21.1.8, module version = 1.0.0
[    43.697] 	ABI class: X.Org Server Extension, version 10.0
[    43.697] (==) Matched vmware as autoconfigured driver 0
[    43.697] (==) Matched modesetting as autoconfigured driver 1
[    43.697] (==) Matched fbdev as autoconfigured driver 2
[    43.697] (==) Matched vesa as autoconfigured driver 3
[    43.697] (==) Assigned the driver to the xf86ConfigLayout
[    43.697] (II) LoadModule: "vmware"
[    43.699] (WW) Warning, couldn't open module vmware
[    43.699] (EE) Failed to load module "vmware" (module does not exist, 0)
[    43.699] (II) LoadModule: "modesetting"
[    43.699] (II) Loading /usr/lib/xorg/modules/drivers/modesetting_drv.so
[    43.703] (II) Module modesetting: vendor="X.Org Foundation"
[    43.703] 	compiled for 1.21.1.8, module version = 1.21.1
[    43.703] 	Module class: X.Org Video Driver
[    43.704] 	ABI class: X.Org Video Driver, version 25.2
[    43.704] (II) LoadModule: "fbdev"
[    43.704] (WW) Warning, couldn't open module fbdev
[    43.704] (EE) Failed to load module "fbdev" (module does not exist, 0)
[    43.704] (II) LoadModule: "vesa"
[    43.704] (II) Loading /usr/lib/xorg/modules/drivers/vesa_drv.so
[    43.711] (II) Module vesa: vendor="X.Org Foundation"
[    43.711] 	compiled for 1.21.1.4, module version = 2.6.0
[    43.711] 	Module class: X.Org Video Driver
[    43.711] 	ABI class: X.Org Video Driver, version 25.2
[    43.711] (II) modesetting: Driver for Modesetting Kernel Drivers: kms
[    43.711] (II) VESA: driver for VESA chipsets: vesa
[    43.711] xf86EnableIO: failed to enable I/O ports 0000-03ff (Operation not permitted)
[    43.711] (II) modeset(0): using drv /dev/dri/card0
[    43.711] (WW) VGA arbiter: cannot open kernel arbiter, no multi-card support
[    43.712] (II) modeset(0): Creating default Display subsection in Screen section
	"Default Screen Section" for depth/fbbpp 24/32
[    43.712] (==) modeset(0): Depth 24, (==) framebuffer bpp 32
[    43.712] (==) modeset(0): RGB weight 888
[    43.712] (==) modeset(0): Default visual is TrueColor
[    43.712] (II) Loading sub module "glamoregl"
[    43.712] (II) LoadModule: "glamoregl"
[    43.712] (II) Loading /usr/lib/xorg/modules/libglamoregl.so
[    43.724] (II) Module glamoregl: vendor="X.Org Foundation"
[    43.724] 	compiled for 1.21.1.8, module version = 1.0.1
[    43.724] 	ABI class: X.Org ANSI C Emulation, version 0.4
[    43.902] (II) modeset(0): Refusing to try glamor on llvmpipe
[    43.902] (II) modeset(0): glamor initialization failed
[    43.902] (II) modeset(0): ShadowFB: preferred NO, enabled NO
[    43.903] (II) modeset(0): Output Virtual-1 has no monitor section
[    43.903] (II) modeset(0): Output Virtual-2 has no monitor section
[    43.903] (II) modeset(0): Output Virtual-3 has no monitor section
[    43.903] (II) modeset(0): Output Virtual-4 has no monitor section
[    43.903] (II) modeset(0): Output Virtual-5 has no monitor section
[    43.904] (II) modeset(0): Output Virtual-6 has no monitor section
[    43.904] (II) modeset(0): Output Virtual-7 has no monitor section
[    43.904] (II) modeset(0): Output Virtual-8 has no monitor section
[    43.904] (II) modeset(0): EDID for output Virtual-1
[    43.904] (II) modeset(0): Printing probed modes for output Virtual-1
[    43.905] (II) modeset(0): Modeline "1280x800"x60.0   81.51  1280 1330 1380 1430  800 850 900 950 -hsync +vsync (57.0 kHz eP)
[    43.905] (II) modeset(0): Modeline "2560x1600"x60.0  348.50  2560 2752 3032 3504  1600 1603 1609 1658 -hsync +vsync (99.5 kHz e)
[    43.905] (II) modeset(0): Modeline "2560x1440"x60.0  241.50  2560 2608 2640 2720  1440 1443 1448 1481 +hsync -vsync (88.8 kHz e)
[    43.905] (II) modeset(0): Modeline "1920x1440"x60.0  234.00  1920 2048 2256 2600  1440 1441 1444 1500 -hsync +vsync (90.0 kHz e)
[    43.905] (II) modeset(0): Modeline "1856x1392"x60.0  218.25  1856 1952 2176 2528  1392 1393 1396 1439 -hsync +vsync (86.3 kHz e)
[    43.905] (II) modeset(0): Modeline "1792x1344"x60.0  204.75  1792 1920 2120 2448  1344 1345 1348 1394 -hsync +vsync (83.6 kHz e)
[    43.905] (II) modeset(0): Modeline "1920x1200"x59.9  193.25  1920 2056 2256 2592  1200 1203 1209 1245 -hsync +vsync (74.6 kHz e)
[    43.905] (II) modeset(0): Modeline "1920x1080"x60.0  173.00  1920 2048 2248 2576  1080 1083 1088 1120 -hsync +vsync (67.2 kHz e)
[    43.905] (II) modeset(0): Modeline "1600x1200"x60.0  162.00  1600 1664 1856 2160  1200 1201 1204 1250 +hsync +vsync (75.0 kHz e)
[    43.905] (II) modeset(0): Modeline "1680x1050"x60.0  146.25  1680 1784 1960 2240  1050 1053 1059 1089 -hsync +vsync (65.3 kHz e)
[    43.905] (II) modeset(0): Modeline "1400x1050"x60.0  121.75  1400 1488 1632 1864  1050 1053 1057 1089 -hsync +vsync (65.3 kHz e)
[    43.905] (II) modeset(0): Modeline "1280x1024"x60.0  108.00  1280 1328 1440 1688  1024 1025 1028 1066 +hsync +vsync (64.0 kHz e)
[    43.906] (II) modeset(0): Modeline "1440x900"x59.9  106.50  1440 1520 1672 1904  900 903 909 934 -hsync +vsync (55.9 kHz e)
[    43.906] (II) modeset(0): Modeline "1280x960"x60.0  108.00  1280 1376 1488 1800  960 961 964 1000 +hsync +vsync (60.0 kHz e)
[    43.906] (II) modeset(0): Modeline "1360x768"x60.0   85.50  1360 1424 1536 1792  768 771 777 795 +hsync +vsync (47.7 kHz e)
[    43.906] (II) modeset(0): Modeline "1280x800"x59.8   83.50  1280 1352 1480 1680  800 803 809 831 +hsync -vsync (49.7 kHz e)
[    43.906] (II) modeset(0): Modeline "1152x864"x75.0  108.00  1152 1216 1344 1600  864 865 868 900 +hsync +vsync (67.5 kHz e)
[    43.906] (II) modeset(0): Modeline "1280x768"x59.9   79.50  1280 1344 1472 1664  768 771 778 798 -hsync +vsync (47.8 kHz e)
[    43.906] (II) modeset(0): Modeline "1280x720"x59.9   74.50  1280 1344 1472 1664  720 723 728 748 -hsync +vsync (44.8 kHz e)
[    43.906] (II) modeset(0): Modeline "1024x768"x60.0   65.00  1024 1048 1184 1344  768 771 777 806 -hsync -vsync (48.4 kHz e)
[    43.906] (II) modeset(0): Modeline "800x600"x60.3   40.00  800 840 968 1056  600 601 605 628 +hsync +vsync (37.9 kHz e)
[    43.906] (II) modeset(0): Modeline "640x480"x59.9   25.18  640 656 752 800  480 489 492 525 -hsync -vsync (31.5 kHz e)
[    43.906] (II) modeset(0): EDID for output Virtual-2
[    43.906] (II) modeset(0): EDID for output Virtual-3
[    43.907] (II) modeset(0): EDID for output Virtual-4
[    43.907] (II) modeset(0): EDID for output Virtual-5
[    43.907] (II) modeset(0): EDID for output Virtual-6
[    43.907] (II) modeset(0): EDID for output Virtual-7
[    43.907] (II) modeset(0): EDID for output Virtual-8
[    43.907] (II) modeset(0): Output Virtual-1 connected
[    43.907] (II) modeset(0): Output Virtual-2 disconnected
[    43.907] (II) modeset(0): Output Virtual-3 disconnected
[    43.907] (II) modeset(0): Output Virtual-4 disconnected
[    43.907] (II) modeset(0): Output Virtual-5 disconnected
[    43.907] (II) modeset(0): Output Virtual-6 disconnected
[    43.907] (II) modeset(0): Output Virtual-7 disconnected
[    43.908] (II) modeset(0): Output Virtual-8 disconnected
[    43.908] (II) modeset(0): Using exact sizes for initial modes
[    43.908] (II) modeset(0): Output Virtual-1 using initial mode 1280x800 +0+0
[    43.908] (==) modeset(0): Using gamma correction (1.0, 1.0, 1.0)
[    43.908] (==) modeset(0): DPI set to (96, 96)
[    43.908] (II) Loading sub module "fb"
[    43.908] (II) LoadModule: "fb"
[    43.908] (II) Module "fb" already built-in
[    43.908] (II) UnloadModule: "vesa"
[    43.908] (II) Unloading vesa
[    43.910] (==) modeset(0): Backing store enabled
[    43.910] (==) modeset(0): Silken mouse enabled
[    43.911] (II) modeset(0): Initializing kms color map for depth 24, 8 bpc.
[    43.911] (==) modeset(0): DPMS enabled
[    43.911] (II) Initializing extension Generic Event Extension
[    43.911] (II) Initializing extension SHAPE
[    43.911] (II) Initializing extension MIT-SHM
[    43.911] (II) Initializing extension XInputExtension
[    43.912] (II) Initializing extension XTEST
[    43.912] (II) Initializing extension BIG-REQUESTS
[    43.913] (II) Initializing extension SYNC
[    43.913] (II) Initializing extension XKEYBOARD
[    43.914] (II) Initializing extension XC-MISC
[    43.914] (II) Initializing extension SECURITY
[    43.915] (II) Initializing extension XFIXES
[    43.915] (II) Initializing extension RENDER
[    43.915] (II) Initializing extension RANDR
[    43.915] (II) Initializing extension COMPOSITE
[    43.915] (II) Initializing extension DAMAGE
[    43.915] (II) Initializing extension MIT-SCREEN-SAVER
[    43.915] (II) Initializing extension DOUBLE-BUFFER
[    43.916] (II) Initializing extension RECORD
[    43.916] (II) Initializing extension DPMS
[    43.916] (II) Initializing extension Present
[    43.917] (II) Initializing extension DRI3
[    43.917] (II) Initializing extension X-Resource
[    43.917] (II) Initializing extension XVideo
[    43.917] (II) Initializing extension XVideo-MotionCompensation
[    43.918] (II) Initializing extension GLX
[    43.918] (II) AIGLX: Screen 0 is not DRI2 capable
[    43.937] (II) IGLX: Loaded and initialized swrast
[    43.937] (II) GLX: Initialized DRISWRAST GL provider for screen 0
[    43.937] (II) Initializing extension XFree86-VidModeExtension
[    43.938] (II) Initializing extension XFree86-DGA
[    43.938] (II) Initializing extension XFree86-DRI
[    43.938] (II) Initializing extension DRI2
[    43.939] (II) modeset(0): Damage tracking initialized
[    43.939] (II) modeset(0): Setting screen physical size to 338 x 211
[    44.168] (II) config/udev: Adding input device Power Button (/dev/input/event0)
[    44.169] (**) Power Button: Applying InputClass "libinput keyboard catchall"
[    44.169] (II) LoadModule: "libinput"
[    44.169] (II) Loading /usr/lib/xorg/modules/input/libinput_drv.so
[    44.172] (II) Module libinput: vendor="X.Org Foundation"
[    44.172] 	compiled for 1.21.1.8, module version = 1.3.0
[    44.172] 	Module class: X.Org XInput Driver
[    44.172] 	ABI class: X.Org XInput driver, version 24.4
[    44.172] (II) Using input driver 'libinput' for 'Power Button'
[    44.178] (II) systemd-logind: got fd for /dev/input/event0 13:64 fd 22 paused 0
[    44.178] (**) Power Button: always reports core events
[    44.178] (**) Option "Device" "/dev/input/event0"
[    44.182] (II) event0  - Power Button: is tagged by udev as: Keyboard
[    44.182] (II) event0  - Power Button: device is a keyboard
[    44.182] (II) event0  - Power Button: device removed
[    44.182] (**) Option "config_info" "udev:/sys/devices/LNXSYSTM:00/LNXPWRBN:00/input/input0/event0"
[    44.182] (II) XINPUT: Adding extended input device "Power Button" (type: KEYBOARD, id 6)
[    44.191] (II) event0  - Power Button: is tagged by udev as: Keyboard
[    44.192] (II) event0  - Power Button: device is a keyboard
[    44.193] (II) config/udev: Adding input device Sleep Button (/dev/input/event1)
[    44.193] (**) Sleep Button: Applying InputClass "libinput keyboard catchall"
[    44.193] (II) Using input driver 'libinput' for 'Sleep Button'
[    44.198] (II) systemd-logind: got fd for /dev/input/event1 13:65 fd 25 paused 0
[    44.198] (**) Sleep Button: always reports core events
[    44.198] (**) Option "Device" "/dev/input/event1"
[    44.199] (II) event1  - Sleep Button: is tagged by udev as: Keyboard
[    44.199] (II) event1  - Sleep Button: device is a keyboard
[    44.200] (II) event1  - Sleep Button: device removed
[    44.200] (**) Option "config_info" "udev:/sys/devices/LNXSYSTM:00/LNXSLPBN:00/input/input1/event1"
[    44.200] (II) XINPUT: Adding extended input device "Sleep Button" (type: KEYBOARD, id 7)
[    44.202] (II) event1  - Sleep Button: is tagged by udev as: Keyboard
[    44.202] (II) event1  - Sleep Button: device is a keyboard
[    44.210] (II) config/udev: Adding input device Video Bus (/dev/input/event3)
[    44.210] (**) Video Bus: Applying InputClass "libinput keyboard catchall"
[    44.210] (II) Using input driver 'libinput' for 'Video Bus'
[    44.211] (II) systemd-logind: got fd for /dev/input/event3 13:67 fd 26 paused 0
[    44.211] (**) Video Bus: always reports core events
[    44.211] (**) Option "Device" "/dev/input/event3"
[    44.213] (II) event3  - Video Bus: is tagged by udev as: Keyboard
[    44.214] (II) event3  - Video Bus: device is a keyboard
[    44.214] (II) event3  - Video Bus: device removed
[    44.214] (**) Option "config_info" "udev:/sys/devices/LNXSYSTM:00/LNXSYBUS:00/PNP0A03:00/LNXVIDEO:00/input/input3/event3"
[    44.214] (II) XINPUT: Adding extended input device "Video Bus" (type: KEYBOARD, id 8)
[    44.224] (II) event3  - Video Bus: is tagged by udev as: Keyboard
[    44.224] (II) event3  - Video Bus: device is a keyboard
[    44.226] (II) config/udev: Adding input device VirtualBox mouse integration (/dev/input/event6)
[    44.226] (**) VirtualBox mouse integration: Applying InputClass "libinput pointer catchall"
[    44.226] (II) Using input driver 'libinput' for 'VirtualBox mouse integration'
[    44.231] (II) systemd-logind: got fd for /dev/input/event6 13:70 fd 27 paused 0
[    44.231] (**) VirtualBox mouse integration: always reports core events
[    44.231] (**) Option "Device" "/dev/input/event6"
[    44.233] (II) event6  - VirtualBox mouse integration: is tagged by udev as: Mouse
[    44.234] (II) event6  - VirtualBox mouse integration: device is a pointer
[    44.234] (II) event6  - VirtualBox mouse integration: device removed
[    44.234] (**) Option "config_info" "udev:/sys/devices/pci0000:00/0000:00:04.0/input/input7/event6"
[    44.234] (II) XINPUT: Adding extended input device "VirtualBox mouse integration" (type: MOUSE, id 9)
[    44.235] (**) Option "AccelerationScheme" "none"
[    44.235] (**) VirtualBox mouse integration: (accel) selected scheme none/0
[    44.235] (**) VirtualBox mouse integration: (accel) acceleration factor: 2.000
[    44.235] (**) VirtualBox mouse integration: (accel) acceleration threshold: 4
[    44.236] (II) event6  - VirtualBox mouse integration: is tagged by udev as: Mouse
[    44.244] (II) event6  - VirtualBox mouse integration: device is a pointer
[    44.245] (II) config/udev: Adding input device VirtualBox mouse integration (/dev/input/js1)
[    44.245] (II) No input driver specified, ignoring this device.
[    44.245] (II) This device may have been added with another device file.
[    44.246] (II) config/udev: Adding input device VirtualBox mouse integration (/dev/input/mouse1)
[    44.246] (II) No input driver specified, ignoring this device.
[    44.246] (II) This device may have been added with another device file.
[    44.253] (II) config/udev: Adding input device VirtualBox USB Tablet (/dev/input/event2)
[    44.253] (**) VirtualBox USB Tablet: Applying InputClass "libinput pointer catchall"
[    44.253] (II) Using input driver 'libinput' for 'VirtualBox USB Tablet'
[    44.310] (II) systemd-logind: got fd for /dev/input/event2 13:66 fd 28 paused 0
[    44.310] (**) VirtualBox USB Tablet: always reports core events
[    44.310] (**) Option "Device" "/dev/input/event2"
[    44.313] (II) event2  - VirtualBox USB Tablet: is tagged by udev as: Mouse
[    44.314] (II) event2  - VirtualBox USB Tablet: device is a pointer
[    44.315] (II) event2  - VirtualBox USB Tablet: device removed
[    44.315] (**) Option "config_info" "udev:/sys/devices/pci0000:00/0000:00:06.0/usb1/1-1/1-1:1.0/0003:80EE:0021.0001/input/input2/event2"
[    44.315] (II) XINPUT: Adding extended input device "VirtualBox USB Tablet" (type: MOUSE, id 10)
[    44.315] (**) Option "AccelerationScheme" "none"
[    44.315] (**) VirtualBox USB Tablet: (accel) selected scheme none/0
[    44.315] (**) VirtualBox USB Tablet: (accel) acceleration factor: 2.000
[    44.315] (**) VirtualBox USB Tablet: (accel) acceleration threshold: 4
[    44.327] (II) event2  - VirtualBox USB Tablet: is tagged by udev as: Mouse
[    44.328] (II) event2  - VirtualBox USB Tablet: device is a pointer
[    44.329] (II) config/udev: Adding input device VirtualBox USB Tablet (/dev/input/js0)
[    44.329] (II) No input driver specified, ignoring this device.
[    44.330] (II) This device may have been added with another device file.
[    44.334] (II) config/udev: Adding input device VirtualBox USB Tablet (/dev/input/mouse0)
[    44.334] (II) No input driver specified, ignoring this device.
[    44.334] (II) This device may have been added with another device file.
[    44.335] (II) config/udev: Adding input device AT Translated Set 2 keyboard (/dev/input/event4)
[    44.335] (**) AT Translated Set 2 keyboard: Applying InputClass "libinput keyboard catchall"
[    44.335] (II) Using input driver 'libinput' for 'AT Translated Set 2 keyboard'
[    44.340] (II) systemd-logind: got fd for /dev/input/event4 13:68 fd 29 paused 0
[    44.340] (**) AT Translated Set 2 keyboard: always reports core events
[    44.340] (**) Option "Device" "/dev/input/event4"
[    44.342] (II) event4  - AT Translated Set 2 keyboard: is tagged by udev as: Keyboard
[    44.342] (II) event4  - AT Translated Set 2 keyboard: device is a keyboard
[    44.358] (II) event4  - AT Translated Set 2 keyboard: device removed
[    44.358] (**) Option "config_info" "udev:/sys/devices/platform/i8042/serio0/input/input4/event4"
[    44.358] (II) XINPUT: Adding extended input device "AT Translated Set 2 keyboard" (type: KEYBOARD, id 11)
[    44.363] (II) event4  - AT Translated Set 2 keyboard: is tagged by udev as: Keyboard
[    44.364] (II) event4  - AT Translated Set 2 keyboard: device is a keyboard
[    44.366] (II) config/udev: Adding input device ImExPS/2 Generic Explorer Mouse (/dev/input/event7)
[    44.366] (**) ImExPS/2 Generic Explorer Mouse: Applying InputClass "libinput pointer catchall"
[    44.367] (II) Using input driver 'libinput' for 'ImExPS/2 Generic Explorer Mouse'
[    44.373] (II) systemd-logind: got fd for /dev/input/event7 13:71 fd 30 paused 0
[    44.373] (**) ImExPS/2 Generic Explorer Mouse: always reports core events
[    44.373] (**) Option "Device" "/dev/input/event7"
[    44.379] (II) event7  - ImExPS/2 Generic Explorer Mouse: is tagged by udev as: Mouse
[    44.379] (II) event7  - ImExPS/2 Generic Explorer Mouse: device is a pointer
[    44.380] (II) event7  - ImExPS/2 Generic Explorer Mouse: device removed
[    44.380] (II) libinput: ImExPS/2 Generic Explorer Mouse: Step value 0 was provided, libinput Fallback acceleration function is used.
[    44.380] (II) libinput: ImExPS/2 Generic Explorer Mouse: Step value 0 was provided, libinput Fallback acceleration function is used.
[    44.380] (II) libinput: ImExPS/2 Generic Explorer Mouse: Step value 0 was provided, libinput Fallback acceleration function is used.
[    44.380] (**) Option "config_info" "udev:/sys/devices/platform/i8042/serio1/input/input8/event7"
[    44.380] (II) XINPUT: Adding extended input device "ImExPS/2 Generic Explorer Mouse" (type: MOUSE, id 12)
[    44.381] (**) Option "AccelerationScheme" "none"
[    44.381] (**) ImExPS/2 Generic Explorer Mouse: (accel) selected scheme none/0
[    44.381] (**) ImExPS/2 Generic Explorer Mouse: (accel) acceleration factor: 2.000
[    44.381] (**) ImExPS/2 Generic Explorer Mouse: (accel) acceleration threshold: 4
[    44.383] (II) event7  - ImExPS/2 Generic Explorer Mouse: is tagged by udev as: Mouse
[    44.386] (II) event7  - ImExPS/2 Generic Explorer Mouse: device is a pointer
[    44.388] (II) config/udev: Adding input device ImExPS/2 Generic Explorer Mouse (/dev/input/mouse2)
[    44.388] (II) No input driver specified, ignoring this device.
[    44.388] (II) This device may have been added with another device file.
[    44.389] (II) config/udev: Adding input device PC Speaker (/dev/input/event5)
[    44.389] (II) No input driver specified, ignoring this device.
[    44.389] (II) This device may have been added with another device file.
[    64.544] (II) modeset(0): Allocate new frame buffer 1920x1080 stride
[   286.060] (EE) client bug: timer event7 debounce: scheduled expiry is in the past (-28ms), your system is too slow
[   286.060] (EE) client bug: timer event7 debounce short: scheduled expiry is in the past (-41ms), your system is too slow
[   296.069] (**) Option "fd" "22"
[   296.070] (II) event0  - Power Button: device removed
[   296.070] (**) Option "fd" "25"
[   296.070] (II) event1  - Sleep Button: device removed
[   296.070] (**) Option "fd" "26"
[   296.070] (II) event3  - Video Bus: device removed
[   296.071] (**) Option "fd" "27"
[   296.071] (II) event6  - VirtualBox mouse integration: device removed
[   296.071] (**) Option "fd" "28"
[   296.071] (II) event2  - VirtualBox USB Tablet: device removed
[   296.071] (**) Option "fd" "29"
[   296.072] (II) event4  - AT Translated Set 2 keyboard: device removed
[   296.072] (**) Option "fd" "30"
[   296.072] (II) event7  - ImExPS/2 Generic Explorer Mouse: device removed
[   296.106] (II) systemd-logind: got pause for 13:64
[   296.106] (II) systemd-logind: got pause for 13:68
[   296.106] (II) systemd-logind: got pause for 13:67
[   296.106] (II) systemd-logind: got pause for 13:66
[   296.106] (II) systemd-logind: got pause for 13:65
[   296.106] (II) systemd-logind: got pause for 13:71
[   296.106] (II) systemd-logind: got pause for 13:70
[   380.264] (II) config/udev: removing device Power Button
[   380.264] (II) UnloadModule: "libinput"
[   380.264] (II) systemd-logind: releasing fd for 13:64
[   380.319] (II) config/udev: Adding input device Power Button (/dev/input/event0)
[   380.319] (**) Power Button: Applying InputClass "libinput keyboard catchall"
[   380.319] (II) Using input driver 'libinput' for 'Power Button'
[   380.322] (II) systemd-logind: got fd for /dev/input/event0 13:64 fd 22 paused 1
[   380.322] (II) systemd-logind: releasing fd for 13:64
[   380.368] (II) config/udev: Adding input device VirtualBox mouse integration (/dev/input/js1)
[   380.368] (II) No input driver specified, ignoring this device.
[   380.368] (II) This device may have been added with another device file.
[   380.368] (II) config/udev: Adding input device VirtualBox mouse integration (/dev/input/mouse1)
[   380.368] (II) No input driver specified, ignoring this device.
[   380.368] (II) This device may have been added with another device file.
[   380.368] (II) config/udev: removing device Sleep Button
[   380.369] (II) UnloadModule: "libinput"
[   380.369] (II) systemd-logind: releasing fd for 13:65
[   380.565] (II) config/udev: Adding input device Sleep Button (/dev/input/event1)
[   380.565] (**) Sleep Button: Applying InputClass "libinput keyboard catchall"
[   380.566] (II) Using input driver 'libinput' for 'Sleep Button'
[   380.617] (II) systemd-logind: got fd for /dev/input/event1 13:65 fd 22 paused 1
[   380.617] (II) systemd-logind: releasing fd for 13:65
[   380.892] (II) config/udev: removing device VirtualBox mouse integration
[   380.893] (II) UnloadModule: "libinput"
[   380.893] (II) systemd-logind: releasing fd for 13:70
[   380.965] (II) config/udev: Adding input device VirtualBox mouse integration (/dev/input/event6)
[   380.965] (**) VirtualBox mouse integration: Applying InputClass "libinput pointer catchall"
[   380.965] (II) Using input driver 'libinput' for 'VirtualBox mouse integration'
[   380.972] (II) systemd-logind: got fd for /dev/input/event6 13:70 fd 22 paused 1
[   380.972] (II) systemd-logind: releasing fd for 13:70
[   380.994] (II) config/udev: Adding input device ImExPS/2 Generic Explorer Mouse (/dev/input/mouse2)
[   380.994] (II) No input driver specified, ignoring this device.
[   380.994] (II) This device may have been added with another device file.
[   380.995] (II) config/udev: removing device Video Bus
[   380.995] (II) UnloadModule: "libinput"
[   380.995] (II) systemd-logind: releasing fd for 13:67
[   381.058] (II) config/udev: Adding input device Video Bus (/dev/input/event3)
[   381.058] (**) Video Bus: Applying InputClass "libinput keyboard catchall"
[   381.058] (II) Using input driver 'libinput' for 'Video Bus'
[   381.087] (II) systemd-logind: got fd for /dev/input/event3 13:67 fd 22 paused 1
[   381.087] (II) systemd-logind: releasing fd for 13:67
[   381.141] (II) config/udev: Adding input device VirtualBox USB Tablet (/dev/input/mouse0)
[   381.141] (II) No input driver specified, ignoring this device.
[   381.141] (II) This device may have been added with another device file.
[   381.142] (II) config/udev: Adding input device VirtualBox USB Tablet (/dev/input/js0)
[   381.142] (II) No input driver specified, ignoring this device.
[   381.142] (II) This device may have been added with another device file.
[   381.142] (II) config/udev: removing device AT Translated Set 2 keyboard
[   381.163] (II) UnloadModule: "libinput"
[   381.163] (II) systemd-logind: releasing fd for 13:68
[   381.182] (II) config/udev: Adding input device AT Translated Set 2 keyboard (/dev/input/event4)
[   381.182] (**) AT Translated Set 2 keyboard: Applying InputClass "libinput keyboard catchall"
[   381.182] (II) Using input driver 'libinput' for 'AT Translated Set 2 keyboard'
[   381.186] (II) systemd-logind: got fd for /dev/input/event4 13:68 fd 22 paused 1
[   381.186] (II) systemd-logind: releasing fd for 13:68
[   381.196] (II) config/udev: removing device ImExPS/2 Generic Explorer Mouse
[   381.198] (II) UnloadModule: "libinput"
[   381.198] (II) systemd-logind: releasing fd for 13:71
[   381.266] (II) config/udev: Adding input device ImExPS/2 Generic Explorer Mouse (/dev/input/event7)
[   381.266] (**) ImExPS/2 Generic Explorer Mouse: Applying InputClass "libinput pointer catchall"
[   381.266] (II) Using input driver 'libinput' for 'ImExPS/2 Generic Explorer Mouse'
[   381.294] (II) systemd-logind: got fd for /dev/input/event7 13:71 fd 22 paused 1
[   381.294] (II) systemd-logind: releasing fd for 13:71
[   381.353] (II) config/udev: removing device VirtualBox USB Tablet
[   381.355] (II) UnloadModule: "libinput"
[   381.355] (II) systemd-logind: releasing fd for 13:66
[   381.390] (II) config/udev: Adding input device VirtualBox USB Tablet (/dev/input/event2)
[   381.390] (**) VirtualBox USB Tablet: Applying InputClass "libinput pointer catchall"
[   381.390] (II) Using input driver 'libinput' for 'VirtualBox USB Tablet'
[   381.449] (II) systemd-logind: got fd for /dev/input/event2 13:66 fd 21 paused 1
[   381.449] (II) systemd-logind: releasing fd for 13:66
[   381.465] (II) config/udev: Adding input device PC Speaker (/dev/input/event5)
[   381.465] (II) No input driver specified, ignoring this device.
[   381.465] (II) This device may have been added with another device file.
[   416.047] (II) systemd-logind: got resume for 226:0
[   416.082] (II) Using input driver 'libinput' for 'Power Button'
[   416.089] (II) systemd-logind: got fd for /dev/input/event0 13:64 fd 23 paused 0
[   416.089] (**) Power Button: always reports core events
[   416.089] (**) Option "Device" "/dev/input/event0"
[   416.093] (II) event0  - Power Button: is tagged by udev as: Keyboard
[   416.093] (II) event0  - Power Button: device is a keyboard
[   416.093] (II) event0  - Power Button: device removed
[   416.097] (**) Option "config_info" "udev:/sys/devices/LNXSYSTM:00/LNXPWRBN:00/input/input0/event0"
[   416.097] (II) XINPUT: Adding extended input device "Power Button" (type: KEYBOARD, id 6)
[   416.104] (II) event0  - Power Button: is tagged by udev as: Keyboard
[   416.104] (II) event0  - Power Button: device is a keyboard
[   416.107] (II) Using input driver 'libinput' for 'Sleep Button'
[   416.111] (II) systemd-logind: got fd for /dev/input/event1 13:65 fd 27 paused 0
[   416.111] (**) Sleep Button: always reports core events
[   416.111] (**) Option "Device" "/dev/input/event1"
[   416.112] (II) event1  - Sleep Button: is tagged by udev as: Keyboard
[   416.113] (II) event1  - Sleep Button: device is a keyboard
[   416.113] (II) event1  - Sleep Button: device removed
[   416.113] (**) Option "config_info" "udev:/sys/devices/LNXSYSTM:00/LNXSLPBN:00/input/input1/event1"
[   416.113] (II) XINPUT: Adding extended input device "Sleep Button" (type: KEYBOARD, id 7)
[   416.122] (II) event1  - Sleep Button: is tagged by udev as: Keyboard
[   416.122] (II) event1  - Sleep Button: device is a keyboard
[   416.125] (II) Using input driver 'libinput' for 'VirtualBox mouse integration'
[   416.127] (II) systemd-logind: got fd for /dev/input/event6 13:70 fd 28 paused 0
[   416.127] (**) VirtualBox mouse integration: always reports core events
[   416.127] (**) Option "Device" "/dev/input/event6"
[   416.129] (II) event6  - VirtualBox mouse integration: is tagged by udev as: Mouse
[   416.130] (II) event6  - VirtualBox mouse integration: device is a pointer
[   416.130] (II) event6  - VirtualBox mouse integration: device removed
[   416.130] (**) Option "config_info" "udev:/sys/devices/pci0000:00/0000:00:04.0/input/input7/event6"
[   416.130] (II) XINPUT: Adding extended input device "VirtualBox mouse integration" (type: MOUSE, id 8)
[   416.136] (**) Option "AccelerationScheme" "none"
[   416.140] (**) VirtualBox mouse integration: (accel) selected scheme none/0
[   416.140] (**) VirtualBox mouse integration: (accel) acceleration factor: 2.000
[   416.140] (**) VirtualBox mouse integration: (accel) acceleration threshold: 4
[   416.142] (II) event6  - VirtualBox mouse integration: is tagged by udev as: Mouse
[   416.143] (II) event6  - VirtualBox mouse integration: device is a pointer
[   416.150] (II) Using input driver 'libinput' for 'Video Bus'
[   416.151] (II) systemd-logind: got fd for /dev/input/event3 13:67 fd 29 paused 0
[   416.151] (**) Video Bus: always reports core events
[   416.151] (**) Option "Device" "/dev/input/event3"
[   416.155] (II) event3  - Video Bus: is tagged by udev as: Keyboard
[   416.155] (II) event3  - Video Bus: device is a keyboard
[   416.155] (II) event3  - Video Bus: device removed
[   416.155] (**) Option "config_info" "udev:/sys/devices/LNXSYSTM:00/LNXSYBUS:00/PNP0A03:00/LNXVIDEO:00/input/input3/event3"
[   416.155] (II) XINPUT: Adding extended input device "Video Bus" (type: KEYBOARD, id 9)
[   416.163] (II) event3  - Video Bus: is tagged by udev as: Keyboard
[   416.163] (II) event3  - Video Bus: device is a keyboard
[   416.166] (II) Using input driver 'libinput' for 'AT Translated Set 2 keyboard'
[   416.168] (II) systemd-logind: got fd for /dev/input/event4 13:68 fd 30 paused 0
[   416.168] (**) AT Translated Set 2 keyboard: always reports core events
[   416.168] (**) Option "Device" "/dev/input/event4"
[   416.169] (II) event4  - AT Translated Set 2 keyboard: is tagged by udev as: Keyboard
[   416.172] (II) event4  - AT Translated Set 2 keyboard: device is a keyboard
[   416.176] (II) event4  - AT Translated Set 2 keyboard: device removed
[   416.176] (**) Option "config_info" "udev:/sys/devices/platform/i8042/serio0/input/input4/event4"
[   416.176] (II) XINPUT: Adding extended input device "AT Translated Set 2 keyboard" (type: KEYBOARD, id 10)
[   416.184] (II) event4  - AT Translated Set 2 keyboard: is tagged by udev as: Keyboard
[   416.185] (II) event4  - AT Translated Set 2 keyboard: device is a keyboard
[   416.189] (II) Using input driver 'libinput' for 'ImExPS/2 Generic Explorer Mouse'
[   416.190] (II) systemd-logind: got fd for /dev/input/event7 13:71 fd 51 paused 0
[   416.190] (**) ImExPS/2 Generic Explorer Mouse: always reports core events
[   416.190] (**) Option "Device" "/dev/input/event7"
[   416.192] (II) event7  - ImExPS/2 Generic Explorer Mouse: is tagged by udev as: Mouse
[   416.193] (II) event7  - ImExPS/2 Generic Explorer Mouse: device is a pointer
[   416.194] (II) event7  - ImExPS/2 Generic Explorer Mouse: device removed
[   416.194] (II) libinput: ImExPS/2 Generic Explorer Mouse: Step value 0 was provided, libinput Fallback acceleration function is used.
[   416.194] (II) libinput: ImExPS/2 Generic Explorer Mouse: Step value 0 was provided, libinput Fallback acceleration function is used.
[   416.194] (II) libinput: ImExPS/2 Generic Explorer Mouse: Step value 0 was provided, libinput Fallback acceleration function is used.
[   416.194] (**) Option "config_info" "udev:/sys/devices/platform/i8042/serio1/input/input8/event7"
[   416.194] (II) XINPUT: Adding extended input device "ImExPS/2 Generic Explorer Mouse" (type: MOUSE, id 11)
[   416.202] (**) Option "AccelerationScheme" "none"
[   416.206] (**) ImExPS/2 Generic Explorer Mouse: (accel) selected scheme none/0
[   416.206] (**) ImExPS/2 Generic Explorer Mouse: (accel) acceleration factor: 2.000
[   416.206] (**) ImExPS/2 Generic Explorer Mouse: (accel) acceleration threshold: 4
[   416.208] (II) event7  - ImExPS/2 Generic Explorer Mouse: is tagged by udev as: Mouse
[   416.209] (II) event7  - ImExPS/2 Generic Explorer Mouse: device is a pointer
[   416.214] (II) Using input driver 'libinput' for 'VirtualBox USB Tablet'
[   416.270] (II) systemd-logind: got fd for /dev/input/event2 13:66 fd 52 paused 0
[   416.270] (**) VirtualBox USB Tablet: always reports core events
[   416.270] (**) Option "Device" "/dev/input/event2"
[   416.273] (II) event2  - VirtualBox USB Tablet: is tagged by udev as: Mouse
[   416.274] (II) event2  - VirtualBox USB Tablet: device is a pointer
[   416.275] (II) event2  - VirtualBox USB Tablet: device removed
[   416.275] (**) Option "config_info" "udev:/sys/devices/pci0000:00/0000:00:06.0/usb1/1-1/1-1:1.0/0003:80EE:0021.0001/input/input2/event2"
[   416.275] (II) XINPUT: Adding extended input device "VirtualBox USB Tablet" (type: MOUSE, id 12)
[   416.281] (**) Option "AccelerationScheme" "none"
[   416.287] (**) VirtualBox USB Tablet: (accel) selected scheme none/0
[   416.287] (**) VirtualBox USB Tablet: (accel) acceleration factor: 2.000
[   416.287] (**) VirtualBox USB Tablet: (accel) acceleration threshold: 4
[   416.290] (II) event2  - VirtualBox USB Tablet: is tagged by udev as: Mouse
[   416.294] (II) event2  - VirtualBox USB Tablet: device is a pointer
