00:00:00.000 [INFO] [libseat] [libseat/backend/seatd.c:64] Could not connect to socket /run/seatd.sock: No such file or directory
00:00:00.000 [INFO] [libseat] [libseat/libseat.c:76] Backend 'seatd' failed to open seat, skipping
00:00:00.016 [INFO] [libseat] [libseat/libseat.c:73] Seat opened with backend 'logind'
00:00:00.016 [INFO] [backend/session/session.c:109] Successfully loaded libseat session
00:00:00.023 [INFO] [backend/backend.c:220] Found 1 GPUs
00:00:00.023 [INFO] [backend/drm/backend.c:201] Initializing DRM backend for /dev/dri/card0 (vmwgfx)
00:00:00.023 [INFO] [backend/drm/drm.c:249] Found 8 DRM CRTCs
00:00:00.023 [INFO] [backend/drm/drm.c:207] Found 16 DRM planes
00:00:00.027 [INFO] [render/egl.c:206] Supported EGL client extensions: EGL_EXT_device_base EGL_EXT_device_enumeration EGL_EXT_device_query EGL_EXT_platform_base EGL_KHR_client_get_all_proc_addresses EGL_EXT_client_extensions EGL_KHR_debug EGL_EXT_platform_device EGL_EXT_platform_wayland EGL_KHR_platform_wayland EGL_EXT_platform_x11 EGL_KHR_platform_x11 EGL_EXT_platform_xcb EGL_MESA_platform_gbm EGL_KHR_platform_gbm EGL_MESA_platform_surfaceless
VMware: No 3D enabled (0, Success).
libEGL warning: egl: failed to create dri2 screen
00:00:00.078 [ERROR] [EGL] command: eglInitialize, error: EGL_NOT_INITIALIZED (0x3001), message: "DRI2: failed to create screen"
VMware: No 3D enabled (0, Success).
libEGL warning: egl: failed to create dri2 screen
00:00:00.094 [ERROR] [EGL] command: eglInitialize, error: EGL_NOT_INITIALIZED (0x3001), message: "DRI2: failed to create screen"
00:00:00.094 [ERROR] [EGL] command: eglInitialize, error: EGL_NOT_INITIALIZED (0x3001), message: "eglInitialize"
00:00:00.094 [ERROR] [render/egl.c:269] Failed to initialize EGL
00:00:00.094 [ERROR] [render/egl.c:570] Failed to initialize EGL context
00:00:00.094 [ERROR] [render/gles2/renderer.c:804] Could not initialize EGL
terminate called after throwing an instance of 'std::runtime_error'
  what():  wlr_gles2_renderer_create_with_drm_fd() failed!
